<?xml version="1.0" encoding="UTF-8"?>
<!-- Generated by org.testng.reporters.JUnitReportReporter -->
<testsuite hostname="LAPTOP-4615C71G" failures="0" tests="1" name="com.tissolve.testscript.ChatsModule" time="0.018" errors="0" timestamp="2025-03-09T10:55:50 IST" skipped="0">
  <testcase classname="com.tissolve.testscript.ChatsModule" name="test" time="0.018">
    <system-out>
      <![CDATA[hgghj]]>
    </system-out>
  </testcase> <!-- test -->
  <system-out>
    <![CDATA[hgghj]]>
  </system-out>
</testsuite> <!-- com.tissolve.testscript.ChatsModule -->
